<?xml version="1.0" encoding="UTF-8"?>
<!-- Generated by org.testng.reporters.JUnitReportReporter -->
<testsuite hostname="DESKTOP-T7I66BH" failures="0" tests="2" name="com.cognizant.runners.RunnerWebApp" time="47.010" errors="0" timestamp="2024-05-23T13:09:25 IST" skipped="0">
  <testcase classname="com.cognizant.runners.RunnerWebApp" name="runScenario" time="45.945"/>
  <system-out/>
  <testcase classname="com.cognizant.runners.RunnerWebApp" name="runScenario" time="1.065"/>
  <system-out/>
</testsuite> <!-- com.cognizant.runners.RunnerWebApp -->
