<?xml version="1.0" encoding="UTF-8"?>
<!-- Generated by org.testng.reporters.JUnitReportReporter -->
<testsuite hostname="DESKTOP-T7I66BH" failures="0" tests="2" name="com.jaydeep.runners.RunnerWebApp" time="47.592" errors="0" timestamp="2024-05-24T11:44:50 IST" skipped="0">
  <testcase classname="com.jaydeep.runners.RunnerWebApp" name="runScenario" time="46.278"/>
  <system-out/>
  <testcase classname="com.jaydeep.runners.RunnerWebApp" name="runScenario" time="1.314"/>
  <system-out/>
</testsuite> <!-- com.jaydeep.runners.RunnerWebApp -->
